2025-06-06 14:47:43,500 - ERROR - Scene S1A_IW_SLC__1SDV_20250410T052634_20250410T052702_058690_074497_0558.SAFE.zip: No intersecting bursts found between AOI and scene
2025-06-06 14:47:49,128 - ERROR - Scene S1A_IW_SLC__1SDV_20250422T052634_20250422T052702_058865_074BC1_2D8E.SAFE.zip: No intersecting bursts found between AOI and scene
2025-06-06 14:52:51,620 [ERROR] [PREPROCESS] [PREPROCESS] Scene S1A_IW_SLC__1SDV_20250410T052634_20250410T052702_058690_074497_0558.SAFE.zip: No intersecting bursts found between AOI and scene
2025-06-06 14:52:57,348 [ERROR] [PREPROCESS] [PREPROCESS] Scene S1A_IW_SLC__1SDV_20250422T052634_20250422T052702_058865_074BC1_2D8E.SAFE.zip: No intersecting bursts found between AOI and scene
2025-06-06 14:54:16,009 [ERROR] [PREPROCESS] Scene S1A_IW_SLC__1SDV_20250410T052634_20250410T052702_058690_074497_0558.SAFE.zip: No intersecting bursts found between AOI and scene
2025-06-06 14:54:21,586 [ERROR] [PREPROCESS] Scene S1A_IW_SLC__1SDV_20250422T052634_20250422T052702_058865_074BC1_2D8E.SAFE.zip: No intersecting bursts found between AOI and scene
2025-06-06 14:55:15,401 [ERROR] [PREPROCESS] Scene S1A_IW_SLC__1SDV_20250410T052634_20250410T052702_058690_074497_0558.SAFE.zip: No intersecting bursts found between AOI and scene
2025-06-06 14:55:20,754 [ERROR] [PREPROCESS] Scene S1A_IW_SLC__1SDV_20250422T052634_20250422T052702_058865_074BC1_2D8E.SAFE.zip: No intersecting bursts found between AOI and scene
2025-06-06 14:56:04,428 [ERROR] [PREPROCESS] Scene S1A_IW_SLC__1SDV_20250410T052634_20250410T052702_058690_074497_0558.SAFE.zip: No intersecting bursts found between AOI and scene
2025-06-06 14:56:10,020 [ERROR] [PREPROCESS] Scene S1A_IW_SLC__1SDV_20250422T052634_20250422T052702_058865_074BC1_2D8E.SAFE.zip: No intersecting bursts found between AOI and scene
2025-06-06 14:56:49,287 [ERROR] [PREPROCESS] Scene S1A_IW_SLC__1SDV_20250410T052634_20250410T052702_058690_074497_0558.SAFE.zip: No intersecting bursts found between AOI and scene
2025-06-06 14:56:54,752 [ERROR] [PREPROCESS] Scene S1A_IW_SLC__1SDV_20250422T052634_20250422T052702_058865_074BC1_2D8E.SAFE.zip: No intersecting bursts found between AOI and scene
2025-06-06 15:21:27,265 [ERROR] [PREPROCESS] Scene S1A_IW_SLC__1SDV_20250410T052634_20250410T052702_058690_074497_0558.SAFE.zip: No intersecting bursts found between AOI and scene
2025-06-06 15:21:41,508 [ERROR] [PREPROCESS] Scene S1A_IW_SLC__1SDV_20250422T052634_20250422T052702_058865_074BC1_2D8E.SAFE.zip: No intersecting bursts found between AOI and scene
2025-06-06 15:23:24,428 [ERROR] [PREPROCESS] Scene S1A_IW_SLC__1SDV_20250410T052634_20250410T052702_058690_074497_0558.SAFE.zip: No intersecting bursts found between AOI and scene
2025-06-06 15:23:30,883 [ERROR] [PREPROCESS] Scene S1A_IW_SLC__1SDV_20250422T052634_20250422T052702_058865_074BC1_2D8E.SAFE.zip: No intersecting bursts found between AOI and scene
2025-06-06 15:25:41,387 [ERROR] [PREPROCESS] Scene S1A_IW_SLC__1SDV_20250410T052634_20250410T052702_058690_074497_0558.SAFE.zip: No intersecting bursts found between AOI and scene
2025-06-06 15:25:47,975 [ERROR] [PREPROCESS] Scene S1A_IW_SLC__1SDV_20250422T052634_20250422T052702_058865_074BC1_2D8E.SAFE.zip: No intersecting bursts found between AOI and scene
2025-06-06 15:26:42,221 [ERROR] [PREPROCESS] Scene S1A_IW_SLC__1SDV_20250410T052634_20250410T052702_058690_074497_0558.SAFE.zip: No intersecting bursts found between AOI and scene
2025-06-06 15:27:02,088 [ERROR] [PREPROCESS] Scene S1A_IW_SLC__1SDV_20250422T052634_20250422T052702_058865_074BC1_2D8E.SAFE.zip: No intersecting bursts found between AOI and scene
2025-06-06 15:27:52,631 [ERROR] [PREPROCESS] Scene S1A_IW_SLC__1SDV_20250410T052634_20250410T052702_058690_074497_0558.SAFE.zip: No intersecting bursts found between AOI and scene
2025-06-06 15:27:58,705 [ERROR] [PREPROCESS] Scene S1A_IW_SLC__1SDV_20250422T052634_20250422T052702_058865_074BC1_2D8E.SAFE.zip: No intersecting bursts found between AOI and scene
2025-06-11 16:42:16,359 [ERROR] [PREPROCESS] Scene S1A_IW_SLC__1SDV_20250410T052634_20250410T052702_058690_074497_0558.SAFE.zip: No intersecting bursts found between AOI and scene
2025-06-11 18:07:23,915 [ERROR] [PREPROCESS] Scene S1A_IW_SLC__1SDV_20250422T052634_20250422T052702_058865_074BC1_2D8E.SAFE.zip: No intersecting bursts found between AOI and scene
2025-06-11 19:31:05,168 [ERROR] [PREPROCESS] Scene S1A_IW_SLC__1SDV_20250504T052634_20250504T052702_059040_0752C4_9BD3.SAFE.zip: No intersecting bursts found between AOI and scene
2025-06-11 20:49:53,068 [ERROR] [PREPROCESS] Scene S1A_IW_SLC__1SDV_20250516T052634_20250516T052702_059215_075912_2D44.SAFE.zip: No intersecting bursts found between AOI and scene
2025-06-12 09:09:49,401 [ERROR] [PREPROCESS] Scene S1A_IW_SLC__1SDV_20250410T052634_20250410T052702_058690_074497_0558.SAFE.zip: No intersecting bursts found between AOI and scene
2025-06-12 09:11:38,206 [ERROR] [PREPROCESS] Scene S1A_IW_SLC__1SDV_20250422T052634_20250422T052702_058865_074BC1_2D8E.SAFE.zip: No intersecting bursts found between AOI and scene
2025-06-12 09:13:29,633 [ERROR] [PREPROCESS] Scene S1A_IW_SLC__1SDV_20250504T052634_20250504T052702_059040_0752C4_9BD3.SAFE.zip: No intersecting bursts found between AOI and scene
2025-06-12 09:15:17,579 [ERROR] [PREPROCESS] Scene S1A_IW_SLC__1SDV_20250516T052634_20250516T052702_059215_075912_2D44.SAFE.zip: No intersecting bursts found between AOI and scene
2025-06-12 09:55:34,226 [ERROR] [PREPROCESS] Scene S1A_IW_SLC__1SDV_20250410T052634_20250410T052702_058690_074497_0558.SAFE.zip: No intersecting bursts found between AOI and scene
2025-06-12 12:24:40,144 [ERROR] [PREPROCESS] Scene S1A_IW_SLC__1SDV_20250410T052634_20250410T052702_058690_074497_0558.SAFE.zip: No intersecting bursts found between AOI and scene
2025-06-12 12:45:27,516 [ERROR] [PREPROCESS] Scene S1A_IW_SLC__1SDV_20250422T052634_20250422T052702_058865_074BC1_2D8E.SAFE.zip: No intersecting bursts found between AOI and scene
2025-06-12 13:06:42,554 [ERROR] [PREPROCESS] Scene S1A_IW_SLC__1SDV_20250504T052634_20250504T052702_059040_0752C4_9BD3.SAFE.zip: No intersecting bursts found between AOI and scene
2025-06-12 13:28:19,183 [ERROR] [PREPROCESS] Scene S1A_IW_SLC__1SDV_20250516T052634_20250516T052702_059215_075912_2D44.SAFE.zip: No intersecting bursts found between AOI and scene
