[INFO]  2025-06-12 17:43:20 Step: reading_bands
[INFO]  2025-06-12 17:43:20 Step: Input file: /home/mdugue/cds/working/Marion/AGRI4SAR/AgriROSE-L_2025/refactored_code/working_SLCs/subsets/S1A_IW_SLC__1SDV_20250528T052659_20250528T052726_059390_075F2B_7E71_dB_final_Eitelsried_Fields_total_subset.tif
[INFO]  2025-06-12 17:43:20 Step: VV range: 0.0 to 0.0
[INFO]  2025-06-12 17:43:20 Step: VH range: 0.0 to 0.0
[INFO]  2025-06-12 17:43:20 Step: No nodata value specified
[INFO]  2025-06-12 17:43:20 Step: computing_statistics
[INFO]  2025-06-12 17:43:20 Step: Processing backscatter data (VV/VH)
[ERROR] 2025-06-12 17:43:20 Step: Scene S1A_IW_SLC__1SDV_20250528T052659_20250528T052726_059390_075F2B_7E71, field Eitelsried_Fields_total: mean_VV = 0.0, mean_VH = 0.0. One or both values are 0 — possible edge case.
----------------------------------------
[INFO]  2025-06-12 17:54:38 Step: reading_bands
[INFO]  2025-06-12 17:54:38 Step: Input file: /home/mdugue/cds/working/Marion/AGRI4SAR/AgriROSE-L_2025/refactored_code/working_SLCs/subsets/S1A_IW_SLC__1SDV_20250401T165922_20250401T165949_058566_073F7A_9286_dB_final_Eitelsried_Fields_total_subset.tif
[INFO]  2025-06-12 17:54:38 Step: VV range: 0.0 to 0.0
[INFO]  2025-06-12 17:54:38 Step: VH range: 0.0 to 0.0
[INFO]  2025-06-12 17:54:38 Step: No nodata value specified
[INFO]  2025-06-12 17:54:38 Step: computing_statistics
[INFO]  2025-06-12 17:54:38 Step: Processing backscatter data (VV/VH)
[ERROR] 2025-06-12 17:54:38 Step: Scene S1A_IW_SLC__1SDV_20250401T165922_20250401T165949_058566_073F7A_9286, field Eitelsried_Fields_total: mean_VV = 0.0, mean_VH = 0.0. One or both values are 0 — possible edge case.
----------------------------------------
[INFO]  2025-06-12 17:54:40 Step: reading_bands
[INFO]  2025-06-12 17:54:40 Step: Input file: /home/mdugue/cds/working/Marion/AGRI4SAR/AgriROSE-L_2025/refactored_code/working_SLCs/subsets/S1A_IW_SLC__1SDV_20250401T165947_20250401T170015_058566_073F7A_9D05_dB_final_Eitelsried_Fields_total_subset.tif
[INFO]  2025-06-12 17:54:40 Step: VV range: 0.0 to 0.0
[INFO]  2025-06-12 17:54:40 Step: VH range: 0.0 to 0.0
[INFO]  2025-06-12 17:54:40 Step: No nodata value specified
[INFO]  2025-06-12 17:54:40 Step: computing_statistics
[INFO]  2025-06-12 17:54:40 Step: Processing backscatter data (VV/VH)
[ERROR] 2025-06-12 17:54:40 Step: Scene S1A_IW_SLC__1SDV_20250401T165947_20250401T170015_058566_073F7A_9D05, field Eitelsried_Fields_total: mean_VV = 0.0, mean_VH = 0.0. One or both values are 0 — possible edge case.
----------------------------------------
[INFO]  2025-06-12 17:54:42 Step: reading_bands
[INFO]  2025-06-12 17:54:42 Step: Input file: /home/mdugue/cds/working/Marion/AGRI4SAR/AgriROSE-L_2025/refactored_code/working_SLCs/subsets/S1A_IW_SLC__1SDV_20250406T170739_20250406T170806_058639_07427F_22BA_final_Eitelsried_Fields_total_subset.tif
[INFO]  2025-06-12 17:54:42 Step: VV range: 0.0 to 0.9703028202056885
[INFO]  2025-06-12 17:54:42 Step: VH range: 0.0 to 0.927374541759491
[INFO]  2025-06-12 17:54:42 Step: No nodata value specified
[INFO]  2025-06-12 17:54:42 Step: computing_statistics
[INFO]  2025-06-12 17:54:42 Step: Processing backscatter data (VV/VH)
[INFO]  2025-06-12 17:54:42 Step: Statistics computed successfully for S1A_IW_SLC__1SDV_20250406T170739_20250406T170806_058639_07427F_22BA
[INFO]  2025-06-12 17:54:42 Step: Saving statistics to: /home/mdugue/cds/working/Marion/AGRI4SAR/AgriROSE-L_2025/stats_s1_backscatter.csv
----------------------------------------
----------------------------------------
[INFO]  2025-06-12 17:54:44 Step: reading_bands
[INFO]  2025-06-12 17:54:44 Step: Input file: /home/mdugue/cds/working/Marion/AGRI4SAR/AgriROSE-L_2025/refactored_code/working_SLCs/subsets/S1A_IW_SLC__1SDV_20250410T052700_20250410T052727_058690_074497_8231_final_Eitelsried_Fields_total_subset.tif
[INFO]  2025-06-12 17:54:44 Step: VV range: 0.0 to 0.9793395400047302
[INFO]  2025-06-12 17:54:44 Step: VH range: 0.0 to 0.8751253485679626
[INFO]  2025-06-12 17:54:44 Step: No nodata value specified
[INFO]  2025-06-12 17:54:44 Step: computing_statistics
[INFO]  2025-06-12 17:54:44 Step: Processing backscatter data (VV/VH)
[INFO]  2025-06-12 17:54:44 Step: Statistics computed successfully for S1A_IW_SLC__1SDV_20250410T052700_20250410T052727_058690_074497_8231
[INFO]  2025-06-12 17:54:44 Step: Saving statistics to: /home/mdugue/cds/working/Marion/AGRI4SAR/AgriROSE-L_2025/stats_s1_backscatter.csv
----------------------------------------
[INFO]  2025-06-12 17:54:45 Step: reading_bands
[INFO]  2025-06-12 17:54:45 Step: Input file: /home/mdugue/cds/working/Marion/AGRI4SAR/AgriROSE-L_2025/refactored_code/working_SLCs/subsets/S1A_IW_SLC__1SDV_20250413T165922_20250413T165949_058741_0746A9_00DE_dB_final_Eitelsried_Fields_total_subset.tif
[INFO]  2025-06-12 17:54:45 Step: VV range: 0.0 to 0.0
[INFO]  2025-06-12 17:54:45 Step: VH range: 0.0 to 0.0
[INFO]  2025-06-12 17:54:45 Step: No nodata value specified
[INFO]  2025-06-12 17:54:45 Step: computing_statistics
[INFO]  2025-06-12 17:54:45 Step: Processing backscatter data (VV/VH)
[ERROR] 2025-06-12 17:54:45 Step: Scene S1A_IW_SLC__1SDV_20250413T165922_20250413T165949_058741_0746A9_00DE, field Eitelsried_Fields_total: mean_VV = 0.0, mean_VH = 0.0. One or both values are 0 — possible edge case.
----------------------------------------
[INFO]  2025-06-12 17:54:47 Step: reading_bands
[INFO]  2025-06-12 17:54:47 Step: Input file: /home/mdugue/cds/working/Marion/AGRI4SAR/AgriROSE-L_2025/refactored_code/working_SLCs/subsets/S1A_IW_SLC__1SDV_20250413T165947_20250413T170015_058741_0746A9_DFCB_poldecomp_final_Eitelsried_Fields_total_subset.tif
[INFO]  2025-06-12 17:54:47 Step: Entropy range: nan to nan
[INFO]  2025-06-12 17:54:47 Step: Alpha range: nan to nan
[INFO]  2025-06-12 17:54:47 Step: No nodata value specified
[INFO]  2025-06-12 17:54:47 Step: computing_statistics
[INFO]  2025-06-12 17:54:47 Step: Processing polarimetric decomposition data (entropy/alpha)
[ERROR] 2025-06-12 17:54:47 Step: Scene S1A_IW_SLC__1SDV_20250413T165947_20250413T170015_058741_0746A9_DFCB, field Eitelsried_Fields_total: mean_entropy = 0.0, mean_alpha = 0.0. One or both values are 0 — possible edge case.
----------------------------------------
[INFO]  2025-06-12 17:54:48 Step: reading_bands
[INFO]  2025-06-12 17:54:48 Step: Input file: /home/mdugue/cds/working/Marion/AGRI4SAR/AgriROSE-L_2025/refactored_code/working_SLCs/subsets/S1A_IW_SLC__1SDV_20250418T170739_20250418T170806_058814_0749A8_1E9C_final_Eitelsried_Fields_total_subset.tif
[INFO]  2025-06-12 17:54:48 Step: VV range: 0.0 to 0.9756035804748535
[INFO]  2025-06-12 17:54:48 Step: VH range: 0.0 to 0.880992591381073
[INFO]  2025-06-12 17:54:48 Step: No nodata value specified
[INFO]  2025-06-12 17:54:48 Step: computing_statistics
[INFO]  2025-06-12 17:54:48 Step: Processing backscatter data (VV/VH)
[INFO]  2025-06-12 17:54:48 Step: Statistics computed successfully for S1A_IW_SLC__1SDV_20250418T170739_20250418T170806_058814_0749A8_1E9C
[INFO]  2025-06-12 17:54:48 Step: Saving statistics to: /home/mdugue/cds/working/Marion/AGRI4SAR/AgriROSE-L_2025/stats_s1_backscatter.csv
----------------------------------------
----------------------------------------
[INFO]  2025-06-12 17:54:51 Step: reading_bands
[INFO]  2025-06-12 17:54:51 Step: Input file: /home/mdugue/cds/working/Marion/AGRI4SAR/AgriROSE-L_2025/refactored_code/working_SLCs/subsets/S1A_IW_SLC__1SDV_20250422T052700_20250422T052727_058865_074BC1_2FCF_poldecomp_final_Eitelsried_Fields_total_subset.tif
[INFO]  2025-06-12 17:54:51 Step: Entropy range: 0.0 to 0.980583667755127
[INFO]  2025-06-12 17:54:51 Step: Alpha range: 0.0 to 0.8938243389129639
[INFO]  2025-06-12 17:54:51 Step: No nodata value specified
[INFO]  2025-06-12 17:54:51 Step: computing_statistics
[INFO]  2025-06-12 17:54:51 Step: Processing polarimetric decomposition data (entropy/alpha)
[INFO]  2025-06-12 17:54:51 Step: Statistics computed successfully for S1A_IW_SLC__1SDV_20250422T052700_20250422T052727_058865_074BC1_2FCF
[INFO]  2025-06-12 17:54:51 Step: Saving statistics to: /home/mdugue/cds/working/Marion/AGRI4SAR/AgriROSE-L_2025/stats_s1_backscatter.csv
----------------------------------------
[INFO]  2025-06-12 17:54:52 Step: reading_bands
[INFO]  2025-06-12 17:54:52 Step: Input file: /home/mdugue/cds/working/Marion/AGRI4SAR/AgriROSE-L_2025/refactored_code/working_SLCs/subsets/S1A_IW_SLC__1SDV_20250425T165922_20250425T165949_058916_074DCC_6DB4_dB_final_Eitelsried_Fields_total_subset.tif
[INFO]  2025-06-12 17:54:52 Step: VV range: 0.0 to 0.0
[INFO]  2025-06-12 17:54:52 Step: VH range: 0.0 to 0.0
[INFO]  2025-06-12 17:54:52 Step: No nodata value specified
[INFO]  2025-06-12 17:54:52 Step: computing_statistics
[INFO]  2025-06-12 17:54:52 Step: Processing backscatter data (VV/VH)
[ERROR] 2025-06-12 17:54:52 Step: Scene S1A_IW_SLC__1SDV_20250425T165922_20250425T165949_058916_074DCC_6DB4, field Eitelsried_Fields_total: mean_VV = 0.0, mean_VH = 0.0. One or both values are 0 — possible edge case.
----------------------------------------
[INFO]  2025-06-12 17:54:54 Step: reading_bands
[INFO]  2025-06-12 17:54:54 Step: Input file: /home/mdugue/cds/working/Marion/AGRI4SAR/AgriROSE-L_2025/refactored_code/working_SLCs/subsets/S1A_IW_SLC__1SDV_20250425T165947_20250425T170015_058916_074DCC_68E7_dB_final_Eitelsried_Fields_total_subset.tif
[INFO]  2025-06-12 17:54:54 Step: VV range: 0.0 to 0.0
[INFO]  2025-06-12 17:54:54 Step: VH range: 0.0 to 0.0
[INFO]  2025-06-12 17:54:54 Step: No nodata value specified
[INFO]  2025-06-12 17:54:54 Step: computing_statistics
[INFO]  2025-06-12 17:54:54 Step: Processing backscatter data (VV/VH)
[ERROR] 2025-06-12 17:54:54 Step: Scene S1A_IW_SLC__1SDV_20250425T165947_20250425T170015_058916_074DCC_68E7, field Eitelsried_Fields_total: mean_VV = 0.0, mean_VH = 0.0. One or both values are 0 — possible edge case.
----------------------------------------
[INFO]  2025-06-12 17:54:55 Step: reading_bands
[INFO]  2025-06-12 17:54:55 Step: Input file: /home/mdugue/cds/working/Marion/AGRI4SAR/AgriROSE-L_2025/refactored_code/working_SLCs/subsets/S1A_IW_SLC__1SDV_20250430T170740_20250430T170807_058989_0750CA_7369_final_Eitelsried_Fields_total_subset.tif
[INFO]  2025-06-12 17:54:55 Step: VV range: 0.0 to 0.9891531467437744
[INFO]  2025-06-12 17:54:55 Step: VH range: 0.0 to 0.9325364828109741
[INFO]  2025-06-12 17:54:55 Step: No nodata value specified
[INFO]  2025-06-12 17:54:55 Step: computing_statistics
[INFO]  2025-06-12 17:54:55 Step: Processing backscatter data (VV/VH)
[INFO]  2025-06-12 17:54:55 Step: Statistics computed successfully for S1A_IW_SLC__1SDV_20250430T170740_20250430T170807_058989_0750CA_7369
[INFO]  2025-06-12 17:54:55 Step: Saving statistics to: /home/mdugue/cds/working/Marion/AGRI4SAR/AgriROSE-L_2025/stats_s1_backscatter.csv
----------------------------------------
----------------------------------------
[INFO]  2025-06-12 17:54:57 Step: reading_bands
[INFO]  2025-06-12 17:54:57 Step: Input file: /home/mdugue/cds/working/Marion/AGRI4SAR/AgriROSE-L_2025/refactored_code/working_SLCs/subsets/S1A_IW_SLC__1SDV_20250504T052700_20250504T052727_059040_0752C4_F8A5_dB_final_Eitelsried_Fields_total_subset.tif
[INFO]  2025-06-12 17:54:57 Step: VV range: 0.0 to 0.0
[INFO]  2025-06-12 17:54:57 Step: VH range: 0.0 to 0.0
[INFO]  2025-06-12 17:54:57 Step: No nodata value specified
[INFO]  2025-06-12 17:54:57 Step: computing_statistics
[INFO]  2025-06-12 17:54:57 Step: Processing backscatter data (VV/VH)
[ERROR] 2025-06-12 17:54:57 Step: Scene S1A_IW_SLC__1SDV_20250504T052700_20250504T052727_059040_0752C4_F8A5, field Eitelsried_Fields_total: mean_VV = 0.0, mean_VH = 0.0. One or both values are 0 — possible edge case.
----------------------------------------
[INFO]  2025-06-12 17:54:59 Step: reading_bands
[INFO]  2025-06-12 17:54:59 Step: Input file: /home/mdugue/cds/working/Marion/AGRI4SAR/AgriROSE-L_2025/refactored_code/working_SLCs/subsets/S1A_IW_SLC__1SDV_20250507T165922_20250507T165949_059091_0754BF_ACE5_dB_final_Eitelsried_Fields_total_subset.tif
[INFO]  2025-06-12 17:54:59 Step: VV range: 0.0 to 0.0
[INFO]  2025-06-12 17:54:59 Step: VH range: 0.0 to 0.0
[INFO]  2025-06-12 17:54:59 Step: No nodata value specified
[INFO]  2025-06-12 17:54:59 Step: computing_statistics
[INFO]  2025-06-12 17:54:59 Step: Processing backscatter data (VV/VH)
[ERROR] 2025-06-12 17:54:59 Step: Scene S1A_IW_SLC__1SDV_20250507T165922_20250507T165949_059091_0754BF_ACE5, field Eitelsried_Fields_total: mean_VV = 0.0, mean_VH = 0.0. One or both values are 0 — possible edge case.
----------------------------------------
[INFO]  2025-06-12 17:55:00 Step: reading_bands
[INFO]  2025-06-12 17:55:00 Step: Input file: /home/mdugue/cds/working/Marion/AGRI4SAR/AgriROSE-L_2025/refactored_code/working_SLCs/subsets/S1A_IW_SLC__1SDV_20250507T165947_20250507T170015_059091_0754BF_2AB1_dB_final_Eitelsried_Fields_total_subset.tif
[INFO]  2025-06-12 17:55:00 Step: VV range: 0.0 to 0.0
[INFO]  2025-06-12 17:55:00 Step: VH range: 0.0 to 0.0
[INFO]  2025-06-12 17:55:00 Step: No nodata value specified
[INFO]  2025-06-12 17:55:00 Step: computing_statistics
[INFO]  2025-06-12 17:55:00 Step: Processing backscatter data (VV/VH)
[ERROR] 2025-06-12 17:55:00 Step: Scene S1A_IW_SLC__1SDV_20250507T165947_20250507T170015_059091_0754BF_2AB1, field Eitelsried_Fields_total: mean_VV = 0.0, mean_VH = 0.0. One or both values are 0 — possible edge case.
----------------------------------------
[INFO]  2025-06-12 17:55:02 Step: reading_bands
[INFO]  2025-06-12 17:55:02 Step: Input file: /home/mdugue/cds/working/Marion/AGRI4SAR/AgriROSE-L_2025/refactored_code/working_SLCs/subsets/S1A_IW_SLC__1SDV_20250512T170739_20250512T170806_059164_07574E_F1A8_dB_final_Eitelsried_Fields_total_subset.tif
[INFO]  2025-06-12 17:55:02 Step: VV range: 0.0 to 0.0
[INFO]  2025-06-12 17:55:02 Step: VH range: 0.0 to 0.0
[INFO]  2025-06-12 17:55:02 Step: No nodata value specified
[INFO]  2025-06-12 17:55:02 Step: computing_statistics
[INFO]  2025-06-12 17:55:02 Step: Processing backscatter data (VV/VH)
[ERROR] 2025-06-12 17:55:02 Step: Scene S1A_IW_SLC__1SDV_20250512T170739_20250512T170806_059164_07574E_F1A8, field Eitelsried_Fields_total: mean_VV = 0.0, mean_VH = 0.0. One or both values are 0 — possible edge case.
----------------------------------------
----------------------------------------
[INFO]  2025-06-12 17:55:04 Step: reading_bands
[INFO]  2025-06-12 17:55:04 Step: Input file: /home/mdugue/cds/working/Marion/AGRI4SAR/AgriROSE-L_2025/refactored_code/working_SLCs/subsets/S1A_IW_SLC__1SDV_20250516T052700_20250516T052727_059215_075912_74A0_dB_final_Eitelsried_Fields_total_subset.tif
[INFO]  2025-06-12 17:55:04 Step: VV range: 0.0 to 0.0
[INFO]  2025-06-12 17:55:04 Step: VH range: 0.0 to 0.0
[INFO]  2025-06-12 17:55:04 Step: No nodata value specified
[INFO]  2025-06-12 17:55:04 Step: computing_statistics
[INFO]  2025-06-12 17:55:04 Step: Processing backscatter data (VV/VH)
[ERROR] 2025-06-12 17:55:04 Step: Scene S1A_IW_SLC__1SDV_20250516T052700_20250516T052727_059215_075912_74A0, field Eitelsried_Fields_total: mean_VV = 0.0, mean_VH = 0.0. One or both values are 0 — possible edge case.
----------------------------------------
[INFO]  2025-06-12 17:55:05 Step: reading_bands
[INFO]  2025-06-12 17:55:05 Step: Input file: /home/mdugue/cds/working/Marion/AGRI4SAR/AgriROSE-L_2025/refactored_code/working_SLCs/subsets/S1A_IW_SLC__1SDV_20250519T165922_20250519T165949_059266_075AC7_B84A_dB_final_Eitelsried_Fields_total_subset.tif
[INFO]  2025-06-12 17:55:05 Step: VV range: 0.0 to 0.0
[INFO]  2025-06-12 17:55:05 Step: VH range: 0.0 to 0.0
[INFO]  2025-06-12 17:55:05 Step: No nodata value specified
[INFO]  2025-06-12 17:55:05 Step: computing_statistics
[INFO]  2025-06-12 17:55:05 Step: Processing backscatter data (VV/VH)
[ERROR] 2025-06-12 17:55:05 Step: Scene S1A_IW_SLC__1SDV_20250519T165922_20250519T165949_059266_075AC7_B84A, field Eitelsried_Fields_total: mean_VV = 0.0, mean_VH = 0.0. One or both values are 0 — possible edge case.
----------------------------------------
[INFO]  2025-06-12 17:55:07 Step: reading_bands
[INFO]  2025-06-12 17:55:07 Step: Input file: /home/mdugue/cds/working/Marion/AGRI4SAR/AgriROSE-L_2025/refactored_code/working_SLCs/subsets/S1A_IW_SLC__1SDV_20250519T165947_20250519T170015_059266_075AC7_4D14_dB_final_Eitelsried_Fields_total_subset.tif
[INFO]  2025-06-12 17:55:07 Step: VV range: 0.0 to 0.0
[INFO]  2025-06-12 17:55:07 Step: VH range: 0.0 to 0.0
[INFO]  2025-06-12 17:55:07 Step: No nodata value specified
[INFO]  2025-06-12 17:55:07 Step: computing_statistics
[INFO]  2025-06-12 17:55:07 Step: Processing backscatter data (VV/VH)
[ERROR] 2025-06-12 17:55:07 Step: Scene S1A_IW_SLC__1SDV_20250519T165947_20250519T170015_059266_075AC7_4D14, field Eitelsried_Fields_total: mean_VV = 0.0, mean_VH = 0.0. One or both values are 0 — possible edge case.
----------------------------------------
[INFO]  2025-06-12 17:55:09 Step: reading_bands
[INFO]  2025-06-12 17:55:09 Step: Input file: /home/mdugue/cds/working/Marion/AGRI4SAR/AgriROSE-L_2025/refactored_code/working_SLCs/subsets/S1A_IW_SLC__1SDV_20250524T170739_20250524T170806_059339_075D5F_E4AE_dB_final_Eitelsried_Fields_total_subset.tif
[INFO]  2025-06-12 17:55:09 Step: VV range: 0.0 to 0.0
[INFO]  2025-06-12 17:55:09 Step: VH range: 0.0 to 0.0
[INFO]  2025-06-12 17:55:09 Step: No nodata value specified
[INFO]  2025-06-12 17:55:09 Step: computing_statistics
[INFO]  2025-06-12 17:55:09 Step: Processing backscatter data (VV/VH)
[ERROR] 2025-06-12 17:55:09 Step: Scene S1A_IW_SLC__1SDV_20250524T170739_20250524T170806_059339_075D5F_E4AE, field Eitelsried_Fields_total: mean_VV = 0.0, mean_VH = 0.0. One or both values are 0 — possible edge case.
----------------------------------------
[INFO]  2025-06-12 17:55:10 Step: reading_bands
[INFO]  2025-06-12 17:55:10 Step: Input file: /home/mdugue/cds/working/Marion/AGRI4SAR/AgriROSE-L_2025/refactored_code/working_SLCs/subsets/S1A_IW_SLC__1SDV_20250528T052659_20250528T052726_059390_075F2B_7E71_dB_final_Eitelsried_Fields_total_subset.tif
[INFO]  2025-06-12 17:55:10 Step: VV range: 0.0 to 0.0
[INFO]  2025-06-12 17:55:10 Step: VH range: 0.0 to 0.0
[INFO]  2025-06-12 17:55:10 Step: No nodata value specified
[INFO]  2025-06-12 17:55:10 Step: computing_statistics
[INFO]  2025-06-12 17:55:10 Step: Processing backscatter data (VV/VH)
[ERROR] 2025-06-12 17:55:10 Step: Scene S1A_IW_SLC__1SDV_20250528T052659_20250528T052726_059390_075F2B_7E71, field Eitelsried_Fields_total: mean_VV = 0.0, mean_VH = 0.0. One or both values are 0 — possible edge case.
----------------------------------------
----------------------------------------
----------------------------------------
----------------------------------------
----------------------------------------
----------------------------------------
----------------------------------------
----------------------------------------
----------------------------------------
----------------------------------------
----------------------------------------
----------------------------------------
----------------------------------------
----------------------------------------
----------------------------------------
----------------------------------------
----------------------------------------
----------------------------------------
----------------------------------------
----------------------------------------
----------------------------------------
----------------------------------------
